Microsoft (R) Macro Assembler Version 14.39.33521.0	    04/19/24 13:18:44
example.asm						     Page 1 - 1


				﻿; Example assembly language program -- adds two numbers
example.asm(1) : error A2044:invalid character in file
				; Author:  R. Detmer
				; Date:    1/2008

				.586
				.MODEL FLAT

				.STACK 4096

 00000000			.DATA
 00000000 00000006		n DWORD 6
 00000004 00000002		r DWORD 2
 00000008 00000000		result DWORD ?

 00000000			.CODE
 00000000			_MainProc PROC

 00000000  A1 00000000 R	mov EAX, n
 00000005  8B 1D 00000004 R	mov EBX, r


 0000000B			MyPerm PROC
 0000000B  55			push EBP		; begin stack
 0000000C  8B EC		mov EBP, ESP	; getting stack itself
 0000000E  53			push EBX		; pushes r [EBP + 8]
 0000000F  50			push EAX		; pushes n [EBP + 12]

 00000010			myFac:
 00000010  83 F8 01		cmp EAX, 1
 00000013  7E 0F		jle LEND	; goes to end if smaller than 1
 00000015  48			dec EAX		; n - 1
 00000016  50			push EAX	; pushes new value of n - 1
 00000017  E2 F7		loop myFac
 00000019  5B			pop EBX
 0000001A  0F AF C3		imul EAX, EBX


 0000001D  2B D8		sub EBX, EAX	; EAX now contains n - r
 0000001F  83 FB 00		cmp EBX, 0		; if EAX is 0, we leave the stack
 00000022  7E 00		jle LEND




 00000024			LEND:
 00000024  58			pop EAX
 00000025  5B			pop EBX
 00000026  8B EC		mov EBP, ESP
 00000028  5D			pop EBP
 00000029  C3			ret








 0000002A			MyPerm ENDP


 0000002A			_MainProc ENDP
				END



Microsoft (R) Macro Assembler Version 14.39.33521.0	    04/19/24 13:18:44
example.asm						     Symbols 2 - 1




Segments and Groups:

                N a m e                 Size     Length   Align   Combine Class

FLAT . . . . . . . . . . . . . .	GROUP
STACK  . . . . . . . . . . . . .	32 Bit	 00001000 Para	  Stack	  'STACK'	 
_DATA  . . . . . . . . . . . . .	32 Bit	 0000000C Para	  Public  'DATA'	
_TEXT  . . . . . . . . . . . . .	32 Bit	 0000002A Para	  Public  'CODE'	


Procedures, parameters, and locals:

                N a m e                 Type     Value    Attr

MyPerm . . . . . . . . . . . . .	P Near	 0000000B _TEXT	Length= 0000001F Public
  myFac  . . . . . . . . . . . .	L Near	 00000010 _TEXT	
  LEND . . . . . . . . . . . . .	L Near	 00000024 _TEXT	
_MainProc  . . . . . . . . . . .	P Near	 00000000 _TEXT	Length= 0000002A Public


Symbols:

                N a m e                 Type     Value    Attr

@CodeSize  . . . . . . . . . . .	Number	 00000000h   
@DataSize  . . . . . . . . . . .	Number	 00000000h   
@Interface . . . . . . . . . . .	Number	 00000000h   
@Model . . . . . . . . . . . . .	Number	 00000007h   
@code  . . . . . . . . . . . . .	Text   	 _TEXT
@data  . . . . . . . . . . . . .	Text   	 FLAT
@fardata?  . . . . . . . . . . .	Text   	 FLAT
@fardata . . . . . . . . . . . .	Text   	 FLAT
@stack . . . . . . . . . . . . .	Text   	 FLAT
n  . . . . . . . . . . . . . . .	DWord	 00000000 _DATA	
result . . . . . . . . . . . . .	DWord	 00000008 _DATA	
r  . . . . . . . . . . . . . . .	DWord	 00000004 _DATA	

	   0 Warnings
	   1 Errors
